Determining if the pthread_create exist failed with the following output:
Change Dir: /home/jetson/aev/aev_ws/build/CMakeFiles/CMakeTmp

Run Build Command:"/usr/bin/make" "cmTC_63d92/fast"
/usr/bin/make -f CMakeFiles/cmTC_63d92.dir/build.make CMakeFiles/cmTC_63d92.dir/build
make[1]: Entering directory '/home/jetson/aev/aev_ws/build/CMakeFiles/CMakeTmp'
Building C object CMakeFiles/cmTC_63d92.dir/CheckSymbolExists.c.o
/usr/bin/cc    -o CMakeFiles/cmTC_63d92.dir/CheckSymbolExists.c.o   -c /home/jetson/aev/aev_ws/build/CMakeFiles/CMakeTmp/CheckSymbolExists.c
Linking C executable cmTC_63d92
/usr/bin/cmake -E cmake_link_script CMakeFiles/cmTC_63d92.dir/link.txt --verbose=1
/usr/bin/cc      -rdynamic CMakeFiles/cmTC_63d92.dir/CheckSymbolExists.c.o  -o cmTC_63d92 
CMakeFiles/cmTC_63d92.dir/CheckSymbolExists.c.o: In function `main':
CheckSymbolExists.c:(.text+0x14): undefined reference to `pthread_create'
CheckSymbolExists.c:(.text+0x18): undefined reference to `pthread_create'
collect2: error: ld returned 1 exit status
CMakeFiles/cmTC_63d92.dir/build.make:97: recipe for target 'cmTC_63d92' failed
make[1]: *** [cmTC_63d92] Error 1
make[1]: Leaving directory '/home/jetson/aev/aev_ws/build/CMakeFiles/CMakeTmp'
Makefile:126: recipe for target 'cmTC_63d92/fast' failed
make: *** [cmTC_63d92/fast] Error 2

File /home/jetson/aev/aev_ws/build/CMakeFiles/CMakeTmp/CheckSymbolExists.c:
/* */
#include <pthread.h>

int main(int argc, char** argv)
{
  (void)argv;
#ifndef pthread_create
  return ((int*)(&pthread_create))[argc];
#else
  (void)argc;
  return 0;
#endif
}

Determining if the function pthread_create exists in the pthreads failed with the following output:
Change Dir: /home/jetson/aev/aev_ws/build/CMakeFiles/CMakeTmp

Run Build Command:"/usr/bin/make" "cmTC_419ad/fast"
/usr/bin/make -f CMakeFiles/cmTC_419ad.dir/build.make CMakeFiles/cmTC_419ad.dir/build
make[1]: Entering directory '/home/jetson/aev/aev_ws/build/CMakeFiles/CMakeTmp'
Building C object CMakeFiles/cmTC_419ad.dir/CheckFunctionExists.c.o
/usr/bin/cc   -DCHECK_FUNCTION_EXISTS=pthread_create   -o CMakeFiles/cmTC_419ad.dir/CheckFunctionExists.c.o   -c /usr/share/cmake-3.10/Modules/CheckFunctionExists.c
Linking C executable cmTC_419ad
/usr/bin/cmake -E cmake_link_script CMakeFiles/cmTC_419ad.dir/link.txt --verbose=1
/usr/bin/cc  -DCHECK_FUNCTION_EXISTS=pthread_create    -rdynamic CMakeFiles/cmTC_419ad.dir/CheckFunctionExists.c.o  -o cmTC_419ad -lpthreads 
/usr/bin/ld: cannot find -lpthreads
collect2: error: ld returned 1 exit status
CMakeFiles/cmTC_419ad.dir/build.make:97: recipe for target 'cmTC_419ad' failed
make[1]: *** [cmTC_419ad] Error 1
make[1]: Leaving directory '/home/jetson/aev/aev_ws/build/CMakeFiles/CMakeTmp'
Makefile:126: recipe for target 'cmTC_419ad/fast' failed
make: *** [cmTC_419ad/fast] Error 2


